C51 COMPILER V9.01   DAC                                                                   05/24/2018 08:31:10 PAGE 1   


C51 COMPILER V9.01, COMPILATION OF MODULE DAC
OBJECT MODULE PLACED IN .\out\DAC.obj
COMPILER INVOKED BY: D:\programfiles-install\keilMDK523\C51\BIN\C51.EXE files\DAC.c OPTIMIZE(8,SPEED) BROWSE DEBUG OBJEC
                    -TEXTEND PRINT(.\DAC.lst) OBJECT(.\out\DAC.obj)

line level    source

   1          /**************************************************************************************
   2          *                             DA-PWM输出实验                                                                                              *
   3          实现现象：下载程序后DA模块上的指示灯呈呼吸灯效果，由暗变亮再由亮变暗
   4          注意事项：要将AD/DA模块上的短接片将OUT和LED短接，板子丝印上有。
   5                            如果不想让点阵模块显示，可以将74HC595模块上的JP595短接片拔掉。                                                                                                                                                                  
   6          ***************************************************************************************/
   7          
   8          #include <STC12C5A60S2.H>                //此文件中定义了单片机的一些特殊功能寄存器
   9          
  10          typedef unsigned int u16;         //对数据类型进行声明定义
  11          typedef unsigned char u8;
  12          
  13          //--定义使用的IO口--//
  14          sbit PWM=P2^1;
  15          sbit PTST = P2^0;
  16          bit DIR;
  17          
  18          //--定义一个全局变量--// 
  19          u16 count,value,timer1;
  20          
  21          /*******************************************************************************
  22          * 函 数 名         : Timer1Init
  23          * 函数功能                 : 定时器1初始化
  24          * 输    入         : 无
  25          * 输    出         : 无
  26          *******************************************************************************/
  27          void Timer1Init()
  28          {
  29   1              TMOD|=0X10;//选择为定时器1模式，工作方式1，仅用TR1打开启动。
  30   1      
  31   1              TH1 = 0xFF; 
  32   1              TL1 = 0xff;   //1us
  33   1                      
  34   1              ET1=1;//打开定时器1中断允许
  35   1              EA=1;//打开总中断
  36   1              TR1=1;//打开定时器                      
  37   1      }
  38          
  39          
  40          /*******************************************************************************
  41          * 函 数 名       : main
  42          * 函数功能               : 主函数
  43          * 输    入       : 无
  44          * 输    出       : 无
  45          *******************************************************************************/
  46          void main()
  47          {       
  48   1              Timer1Init();  //定时器1初始化
  49   1              while(1)
  50   1              {
  51   2              PTST=~PTST;
  52   2                      if(count>100)                                                   
  53   2                      {  
  54   3                              count=0;
C51 COMPILER V9.01   DAC                                                                   05/24/2018 08:31:10 PAGE 2   

  55   3                              if(DIR==1)                                         //DIR控制增加或减小
  56   3                              {
  57   4                                value++;
  58   4                              }                       
  59   3                              if(DIR==0)
  60   3                              {
  61   4                                value--;
  62   4                              }
  63   3                                      
  64   3                      }
  65   2      
  66   2                      if(value==1000)
  67   2                      {
  68   3                        DIR=0;
  69   3                      }
  70   2                      if(value==0)
  71   2                      {
  72   3                        DIR=1;
  73   3                      }       
  74   2                                      
  75   2                      if(timer1>1000)  //PWM周期为1000*1us
  76   2                      {
  77   3                              timer1=0;
  78   3                      }
  79   2                      if(timer1 <value)       
  80   2                      {
  81   3                              PWM=1;
  82   3                      }
  83   2                      else
  84   2                      {
  85   3                              PWM=0;
  86   3                      }               
  87   2              }               
  88   1      }
  89          
  90          /*******************************************************************************
  91          * 函 数 名       : Time1
  92          * 函数功能               : 定时器1的中断函数
  93          * 输    入       : 无
  94          * 输    出       : 无
  95          *******************************************************************************/
  96          
  97          void Time1(void) interrupt 3    //3 为定时器1的中断号  1 定时器0的中断号 0 外部中断1 2 外部中断2  4 串口中
             -断
  98          {
  99   1              TH1 = 0xFF; 
 100   1              TL1 = 0xff;   //1us
 101   1              timer1++; 
 102   1          count++;
 103   1              
 104   1      }
 105          


MODULE INFORMATION:   STATIC OVERLAYABLE
   CODE SIZE        =    141    ----
   CONSTANT SIZE    =   ----    ----
   XDATA SIZE       =   ----    ----
   PDATA SIZE       =   ----    ----
   DATA SIZE        =      6    ----
   IDATA SIZE       =   ----    ----
   BIT SIZE         =      1    ----
C51 COMPILER V9.01   DAC                                                                   05/24/2018 08:31:10 PAGE 3   

END OF MODULE INFORMATION.


C51 COMPILATION COMPLETE.  0 WARNING(S),  0 ERROR(S)
