C51 COMPILER V9.01   PEMTST                                                                05/24/2018 10:17:40 PAGE 1   


C51 COMPILER V9.01, COMPILATION OF MODULE PEMTST
OBJECT MODULE PLACED IN .\out\pemtst.obj
COMPILER INVOKED BY: D:\programfiles-install\keilMDK523\C51\BIN\C51.EXE files\pemtst.c OPTIMIZE(8,SPEED) BROWSE DEBUG OB
                    -JECTEXTEND PRINT(.\pemtst.lst) OBJECT(.\out\pemtst.obj)

line level    source

   1          /**************************************************************************************
   2          *                             DA-PWM输出实验                                                                                              *
   3          实现现象：下载程序后DA模块上的指示灯呈呼吸灯效果，由暗变亮再由亮变暗
   4          注意事项：要将AD/DA模块上的短接片将OUT和LED短接，板子丝印上有。
   5                            如果不想让点阵模块显示，可以将74HC595模块上的JP595短接片拔掉。                                                                                                                                                                  
   6          ***************************************************************************************/
   7          
   8          #include <STC12C5A60S2.H>                //此文件中定义了单片机的一些特殊功能寄存器
   9          #include "pwm.h"
  10          
  11          
  12          typedef unsigned int u16;         //对数据类型进行声明定义
  13          typedef unsigned char u8;
  14          
  15          //--定义使用的IO口--//
  16          sbit PWM=P2^1;
  17          sbit PTST = P2^0;
  18          
  19          void delay(u16 i){
  20   1          while(i)i--;
  21   1      }
  22          
  23          void main()
  24          {       
  25   1          u8 i = 0;
  26   1          pwm_init();
  27   1          //P2
  28   1          P2M1 = 0xff;
  29   1          P2M0 = 0x00;
  30   1          //P1.5
  31   1          P1M1 |= 0x01<<5;
  32   1          P1M0 &= 0x01<<5;
  33   1          
  34   1          
  35   1          
  36   1          
  37   1          while(1){
  38   2              if(i<255){i++;}else{i=0;}
  39   2              pwm_set(i,i);
  40   2              delay(50);
  41   2          }
  42   1      }


MODULE INFORMATION:   STATIC OVERLAYABLE
   CODE SIZE        =     60    ----
   CONSTANT SIZE    =   ----    ----
   XDATA SIZE       =   ----    ----
   PDATA SIZE       =   ----    ----
   DATA SIZE        =   ----       1
   IDATA SIZE       =   ----    ----
   BIT SIZE         =   ----    ----
END OF MODULE INFORMATION.


C51 COMPILATION COMPLETE.  0 WARNING(S),  0 ERROR(S)
