C51 COMPILER V9.01   TIMER                                                                 05/24/2018 08:14:37 PAGE 1   


C51 COMPILER V9.01, COMPILATION OF MODULE TIMER
OBJECT MODULE PLACED IN .\out\timer.obj
COMPILER INVOKED BY: D:\programfiles-install\keilMDK523\C51\BIN\C51.EXE files\timer.c OPTIMIZE(8,SPEED) BROWSE DEBUG OBJ
                    -ECTEXTEND PRINT(.\timer.lst) OBJECT(.\out\timer.obj)

line level    source

   1          #include<reg52.h>
   2          
   3          #define TIMER_THIS 0
   4          
   5          //全局变量
   6          unsigned char T0RH = 0;  //T0重载值的高字节
   7          unsigned char T0RL = 0;  //T0重载值的低字节
   8          /* 配置并启动T0，ms-T0定时时间 */
   9          void ConfigTimer0(unsigned int ms)
  10          {
  11   1          unsigned long tmp;  //临时变量
  12   1          
  13   1          tmp = 11059200 / 12;      //定时器计数频率
  14   1          tmp = (tmp * ms) / 1000;  //计算所需的计数值
  15   1          tmp = 65536 - tmp;        //计算定时器重载值
  16   1          tmp = tmp + 28;           //补偿中断响应延时造成的误差
  17   1          T0RH = (unsigned char)(tmp>>8);  //定时器重载值拆分为高低字节
  18   1          T0RL = (unsigned char)tmp;
  19   1          TMOD &= 0xF0;   //清零T0的控制位
  20   1          TMOD |= 0x01;   //配置T0为模式1
  21   1          TH0 = T0RH;     //加载T0重载值
  22   1          TL0 = T0RL;
  23   1          ET0 = 1;        //使能T0中断
  24   1          TR0 = 1;        //启动T0
  25   1      }
  26          
  27          /* 配置并启动T0，时间单位0.1ms */
  28          void Config_T0_100us(unsigned int time)
  29          {
  30   1          unsigned long tmp;  //临时变量
  31   1          
  32   1          tmp = 11059200 / 12;      //定时器计数频率
  33   1          tmp = (tmp * time) / 1000 /10 ;  //计算所需的计数值
  34   1          tmp = 65536 - tmp;        //计算定时器重载值
  35   1          tmp = tmp + 28;           //补偿中断响应延时造成的误差
  36   1          T0RH = (unsigned char)(tmp>>8);  //定时器重载值拆分为高低字节
  37   1          T0RL = (unsigned char)tmp;
  38   1          TMOD &= 0xF0;   //清零T0的控制位
  39   1          TMOD |= 0x01;   //配置T0为模式1
  40   1          TH0 = T0RH;     //加载T0重载值
  41   1          TL0 = T0RL;
  42   1          ET0 = 1;        //使能T0中断
  43   1          TR0 = 1;        //启动T0
  44   1      }


MODULE INFORMATION:   STATIC OVERLAYABLE
   CODE SIZE        =    251    ----
   CONSTANT SIZE    =   ----    ----
   XDATA SIZE       =   ----    ----
   PDATA SIZE       =   ----    ----
   DATA SIZE        =      2       8
   IDATA SIZE       =   ----    ----
   BIT SIZE         =   ----    ----
C51 COMPILER V9.01   TIMER                                                                 05/24/2018 08:14:37 PAGE 2   

END OF MODULE INFORMATION.


C51 COMPILATION COMPLETE.  0 WARNING(S),  0 ERROR(S)
